
> report_seo@0.1.0 build
> prisma generate && next build

[dotenv@17.2.3] injecting env (2) from .env -- tip: 🔄 add secrets lifecycle management: https://dotenvx.com/ops
Loaded Prisma config from prisma.config.ts.

Prisma config detected, skipping environment variable loading.
Prisma schema loaded from prisma\schema.prisma

✔ Generated Prisma Client (v6.19.2) to .\node_modules\@prisma\client in 118ms

Start by importing your Prisma Client (See: https://pris.ly/d/importing-client)

Tip: Need your database queries to be 1000x faster? Accelerate offers you that and more: https://pris.ly/tip-2-accelerate

▲ Next.js 16.2.4 (Turbopack)
- Environments: .env

⚠ The "middleware" file convention is deprecated. Please use "proxy" instead. Learn more: https://nextjs.org/docs/messages/middleware-to-proxy
  Creating an optimized production build ...
✓ Compiled successfully in 12.1s
  Running TypeScript ...
  Finished TypeScript in 19.0s ...
  Collecting page data using 15 workers ...
  Generating static pages using 15 workers (0/15) ...
  Generating static pages using 15 workers (3/15) 
  Generating static pages using 15 workers (7/15) 
  Generating static pages using 15 workers (11/15) 
✓ Generating static pages using 15 workers (15/15) in 1588ms
  Finalizing page optimization ...

Route (app)
┌ ○ /
├ ƒ /admin
├ ○ /admin/users
├ ƒ /api/auth/[...nextauth]
├ ƒ /api/customers/[customerId]/ai-overview
├ ƒ /api/customers/[customerId]/ai-overview/[id]
├ ƒ /api/customers/[customerId]/keywords
├ ƒ /api/customers/[customerId]/keywords/history/visibility
├ ƒ /api/customers/[customerId]/metrics
├ ƒ /api/customers/[customerId]/metrics/history
├ ƒ /api/customers/[customerId]/metrics/history/visibility
├ ƒ /api/customers/[customerId]/recommend-keywords
├ ƒ /api/customers/[customerId]/report
├ ƒ /api/customers/keywords/[keywordId]
├ ƒ /api/customers/keywords/[keywordId]/history
├ ƒ /api/customers/recommend-keywords/[recommendId]
├ ƒ /api/payments/upload
├ ƒ /api/users
├ ƒ /api/users/[id]
├ ƒ /api/users/[id]/password
├ ƒ /api/users/[id]/restore
├ ƒ /api/users/managed-customers
├ ƒ /api/users/seodevs
├ ƒ /customer
├ ƒ /customer/report
├ ƒ /customer/[userId]/report
├ ○ /login
├ ○ /_not-found
├ ƒ /seo
├ ○ /seo/users
└ ○ /unauthorized


ƒ Proxy (Middleware)

○  (Static)   prerendered as static content
ƒ  (Dynamic)  server-rendered on demand

